04:00:28 **** Build of configuration Debug for project DCmotorControl ****
make all 
Building file: ../app.c
Invoking: AVR Compiler
avr-gcc -Wall -g2 -gstabs -O0 -fpack-struct -fshort-enums -ffunction-sections -fdata-sections -std=gnu99 -funsigned-char -funsigned-bitfields -mmcu=atmega16 -DF_CPU=1000000UL -MMD -MP -MF"app.d" -MT"app.o" -c -o "app.o" "../app.c"
In file included from ../app.c:11:
c:/winavr-20100110/lib/gcc/../../avr/include/util/delay.h:90:3: warning: #warning "Compiler optimizations disabled; functions from <util/delay.h> won't work as designed"
Finished building: ../app.c
 
Building file: ../cdriver.c
Invoking: AVR Compiler
avr-gcc -Wall -g2 -gstabs -O0 -fpack-struct -fshort-enums -ffunction-sections -fdata-sections -std=gnu99 -funsigned-char -funsigned-bitfields -mmcu=atmega16 -DF_CPU=1000000UL -MMD -MP -MF"cdriver.d" -MT"cdriver.o" -c -o "cdriver.o" "../cdriver.c"
In file included from ../cdriver.c:11:
c:/winavr-20100110/lib/gcc/../../avr/include/util/delay.h:90:3: warning: #warning "Compiler optimizations disabled; functions from <util/delay.h> won't work as designed"
Finished building: ../cdriver.c
 
Building target: DCmotorControl.elf
Invoking: AVR C Linker
avr-gcc -Wl,-Map,DCmotorControl.map -mmcu=atmega16 -o "DCmotorControl.elf"  ./app.o ./cdriver.o   
Finished building target: DCmotorControl.elf
 
Invoking: AVR Create Extended Listing
avr-objdump -h -S DCmotorControl.elf  >"DCmotorControl.lss"
Finished building: DCmotorControl.lss
 
Invoking: Print Size
avr-size --format=avr --mcu=atmega16 DCmotorControl.elf
AVR Memory Usage
----------------
Device: atmega16

Program:     648 bytes (4.0% Full)
(.text + .data + .bootloader)

Data:          2 bytes (0.2% Full)
(.data + .bss + .noinit)


Finished building: sizedummy
 
